h:\比特\c\20190716\20190716\debug\vc120.pdb
h:\比特\c\20190716\20190716\debug\vc120.idb
h:\比特\c\20190716\20190716\debug\源.obj
h:\比特\c\20190716\20190716\debug\练习.obj
h:\比特\c\20190716\20190716\debug\死循环.obj
h:\比特\c\20190716\20190716\debug\源1.obj
h:\比特\c\20190716\20190716\debug\黑客帝国死循环.obj
h:\比特\c\20190716\20190716\debug\交换两个整形的值.obj
h:\比特\c\20190716\20190716\debug\10个整数中最大值.obj
h:\比特\c\20190716\20190716\debug\三个数从大到小输出.obj
h:\比特\c\20190716\20190716\debug\求两个数的最大公约数.obj
h:\比特\c\20190716\20190716\debug\交换两个数（没有临时变量）.obj
h:\比特\c\20190716\debug\20190716.ilk
h:\比特\c\20190716\debug\20190716.exe
h:\比特\c\20190716\debug\20190716.pdb
h:\比特\c\20190716\20190716\debug\20190716.tlog\cl.command.1.tlog
h:\比特\c\20190716\20190716\debug\20190716.tlog\cl.read.1.tlog
h:\比特\c\20190716\20190716\debug\20190716.tlog\cl.write.1.tlog
h:\比特\c\20190716\20190716\debug\20190716.tlog\link.command.1.tlog
h:\比特\c\20190716\20190716\debug\20190716.tlog\link.read.1.tlog
h:\比特\c\20190716\20190716\debug\20190716.tlog\link.write.1.tlog
