生成启动时间为 2020/1/9 14:53:01。
     1>项目“H:\bit\C\20190720\20190720\20190720.vcxproj”在节点 2 上(Build 个目标)。
     1>ClCompile:
         F:\VC2013\VC\bin\CL.exe /c /ZI /nologo /W3 /WX- /sdl /Od /Oy- /D WIN32 /D _DEBUG /D _CONSOLE /D _LIB /D _UNICODE /D UNICODE /Gm /EHsc /RTC1 /MDd /GS /fp:precise /Zc:wchar_t /Zc:forScope /Fo"Debug\\" /Fd"Debug\vc120.pdb" /Gd /TC /analyze- /errorReport:prompt 12.c "求Sn=a+aa+aaa+aaaa+aaaaa的前n项之和.c" "求水仙数.c" "求水仙数2.c" "源.c"
         源.c
         求水仙数2.c
         求水仙数.c
         求Sn=a+aa+aaa+aaaa+aaaaa的前n项之和.c
         12.c
         正在生成代码...
       Link:
         F:\VC2013\VC\bin\link.exe /ERRORREPORT:PROMPT /OUT:"H:\bit\C\20190720\Debug\20190720.exe" /INCREMENTAL /NOLOGO kernel32.lib user32.lib gdi32.lib winspool.lib comdlg32.lib advapi32.lib shell32.lib ole32.lib oleaut32.lib uuid.lib odbc32.lib odbccp32.lib /MANIFEST /MANIFESTUAC:"level='asInvoker' uiAccess='false'" /manifest:embed /DEBUG /PDB:"H:\bit\C\20190720\Debug\20190720.pdb" /SUBSYSTEM:CONSOLE /TLBID:1 /DYNAMICBASE /NXCOMPAT /IMPLIB:"H:\bit\C\20190720\Debug\20190720.lib" /MACHINE:X86 Debug\12.obj
         "Debug\求Sn=a+aa+aaa+aaaa+aaaaa的前n项之和.obj"
         "Debug\求水仙数.obj"
         "Debug\求水仙数2.obj"
         "Debug\源.obj"
     1>MSVCRTD.lib(crtexe.obj) : error LNK2019: 无法解析的外部符号 _main，该符号在函数 ___tmainCRTStartup 中被引用
     1>H:\bit\C\20190720\Debug\20190720.exe : fatal error LNK1120: 1 个无法解析的外部命令
     1>已完成生成项目“H:\bit\C\20190720\20190720\20190720.vcxproj”(Build 个目标)的操作 - 失败。

生成失败。

已用时间 00:00:02.51
